<?xml version="1.0" encoding="UTF-8"?>
<!-- Generated by org.testng.reporters.JUnitReportReporter -->
<testsuite hostname="AELTA000MON06" failures="0" tests="1" name="tests.LoginTest" time="37.923" errors="0" timestamp="2024-07-29T11:14:22 IST" skipped="0">
  <testcase classname="tests.LoginTest" name="loginTest" time="37.923"/>
</testsuite> <!-- tests.LoginTest -->
