<?xml version="1.0" encoding="UTF-8"?>
<!-- Generated by org.testng.reporters.JUnitReportReporter -->
<testsuite hostname="AELTA000MON06" failures="0" tests="1" name="tests.HomeTests" time="10.829" errors="0" timestamp="2024-07-03T15:08:25 IST" skipped="0">
  <testcase classname="tests.HomeTests" name="pincodeTest" time="10.829"/>
</testsuite> <!-- tests.HomeTests -->
